{"C:\\Users\\RAFI ALIEFIAN\\OneDrive\\Documents\\SE\\CalculateTesting\\heightCalculateCandidate.js": {"path":"C:\\Users\\RAFI ALIEFIAN\\OneDrive\\Documents\\SE\\CalculateTesting\\heightCalculateCandidate.js","statementMap":{"0":{"start":{"line":4,"column":31},"end":{"line":10,"column":1}},"1":{"start":{"line":5,"column":29},"end":{"line":5,"column":85}},"2":{"start":{"line":5,"column":58},"end":{"line":5,"column":84}},"3":{"start":{"line":6,"column":4},"end":{"line":6,"column":70}},"4":{"start":{"line":6,"column":27},"end":{"line":6,"column":70}},"5":{"start":{"line":8,"column":28},"end":{"line":8,"column":108}},"6":{"start":{"line":8,"column":78},"end":{"line":8,"column":104}},"7":{"start":{"line":9,"column":4},"end":{"line":9,"column":49}},"8":{"start":{"line":12,"column":24},"end":{"line":23,"column":1}},"9":{"start":{"line":13,"column":22},"end":{"line":13,"column":25}},"10":{"start":{"line":14,"column":20},"end":{"line":14,"column":56}},"11":{"start":{"line":16,"column":4},"end":{"line":22,"column":5}},"12":{"start":{"line":17,"column":8},"end":{"line":17,"column":59}},"13":{"start":{"line":18,"column":8},"end":{"line":18,"column":20}},"14":{"start":{"line":20,"column":8},"end":{"line":20,"column":67}},"15":{"start":{"line":21,"column":8},"end":{"line":21,"column":21}},"16":{"start":{"line":25,"column":0},"end":{"line":25,"column":61}}},"fnMap":{"0":{"name":"(anonymous_0)","decl":{"start":{"line":4,"column":31},"end":{"line":4,"column":32}},"loc":{"start":{"line":4,"column":49},"end":{"line":10,"column":1}},"line":4},"1":{"name":"(anonymous_1)","decl":{"start":{"line":5,"column":48},"end":{"line":5,"column":49}},"loc":{"start":{"line":5,"column":58},"end":{"line":5,"column":84}},"line":5},"2":{"name":"(anonymous_2)","decl":{"start":{"line":8,"column":48},"end":{"line":8,"column":49}},"loc":{"start":{"line":8,"column":78},"end":{"line":8,"column":104}},"line":8},"3":{"name":"(anonymous_3)","decl":{"start":{"line":12,"column":24},"end":{"line":12,"column":25}},"loc":{"start":{"line":12,"column":57},"end":{"line":23,"column":1}},"line":12}},"branchMap":{"0":{"loc":{"start":{"line":6,"column":4},"end":{"line":6,"column":70}},"type":"if","locations":[{"start":{"line":6,"column":4},"end":{"line":6,"column":70}},{"start":{},"end":{}}],"line":6},"1":{"loc":{"start":{"line":16,"column":4},"end":{"line":22,"column":5}},"type":"if","locations":[{"start":{"line":16,"column":4},"end":{"line":22,"column":5}},{"start":{"line":19,"column":11},"end":{"line":22,"column":5}}],"line":16}},"s":{"0":1,"1":4,"2":14,"3":4,"4":1,"5":3,"6":12,"7":3,"8":1,"9":2,"10":2,"11":2,"12":1,"13":1,"14":1,"15":1,"16":1},"f":{"0":4,"1":14,"2":12,"3":2},"b":{"0":[1,3],"1":[1,1]},"_coverageSchema":"1a1c01bbd47fc00a2c39e90264f33305004495a9","hash":"cf4129684aea5044cf1d49e9ab3aea5d6c64320a"}
}
